Daily activity on Fri Sep 19 16:53:07 UTC 2025
Daily activity on Fri Sep 19 16:53:20 UTC 2025
Daily activity on Sat Sep 20 06:30:20 UTC 2025
Daily activity on Sun Sep 21 06:31:18 UTC 2025
Daily activity on Mon Sep 22 06:35:04 UTC 2025
Daily activity on Tue Sep 23 06:33:23 UTC 2025
Daily activity on Wed Sep 24 06:33:00 UTC 2025
Daily activity on Thu Sep 25 06:33:39 UTC 2025
Daily activity on Fri Sep 26 06:32:36 UTC 2025
Daily activity on Sat Sep 27 06:28:51 UTC 2025
Daily activity on Sun Sep 28 06:30:37 UTC 2025
Daily activity on Mon Sep 29 06:35:05 UTC 2025
Daily activity on Tue Sep 30 06:33:58 UTC 2025
Daily activity on Wed Oct  1 06:33:49 UTC 2025
Daily activity on Thu Oct  2 06:32:47 UTC 2025
Daily activity on Fri Oct  3 06:32:12 UTC 2025
Daily activity on Sat Oct  4 06:29:36 UTC 2025
Daily activity on Sun Oct  5 06:29:55 UTC 2025
Daily activity on Mon Oct  6 06:34:22 UTC 2025
Daily activity on Tue Oct  7 06:33:26 UTC 2025
Daily activity on Wed Oct  8 06:33:50 UTC 2025
Daily activity on Thu Oct  9 06:34:07 UTC 2025
Daily activity on Fri Oct 10 06:33:53 UTC 2025
Daily activity on Sat Oct 11 06:29:29 UTC 2025
Daily activity on Sun Oct 12 06:29:36 UTC 2025
Daily activity on Mon Oct 13 06:35:15 UTC 2025
Daily activity on Tue Oct 14 06:33:37 UTC 2025
Daily activity on Wed Oct 15 06:33:44 UTC 2025
Daily activity on Thu Oct 16 06:33:40 UTC 2025
Daily activity on Fri Oct 17 06:32:52 UTC 2025
Daily activity on Sat Oct 18 06:30:39 UTC 2025
Daily activity on Sun Oct 19 06:31:45 UTC 2025
Daily activity on Mon Oct 20 06:35:00 UTC 2025
Daily activity on Tue Oct 21 06:34:06 UTC 2025
Daily activity on Wed Oct 22 06:34:46 UTC 2025
Daily activity on Thu Oct 23 06:33:49 UTC 2025
Daily activity on Fri Oct 24 06:32:55 UTC 2025
Daily activity on Sat Oct 25 06:30:41 UTC 2025
Daily activity on Sun Oct 26 06:31:25 UTC 2025
Daily activity on Mon Oct 27 06:37:20 UTC 2025
Daily activity on Tue Oct 28 06:35:34 UTC 2025
Daily activity on Wed Oct 29 06:35:55 UTC 2025
Daily activity on Thu Oct 30 06:34:03 UTC 2025
Daily activity on Fri Oct 31 06:34:28 UTC 2025
Daily activity on Sat Nov  1 06:31:06 UTC 2025
Daily activity on Sun Nov  2 06:32:21 UTC 2025
Daily activity on Mon Nov  3 06:36:17 UTC 2025
Daily activity on Tue Nov  4 06:35:44 UTC 2025
Daily activity on Wed Nov  5 06:35:16 UTC 2025
Daily activity on Thu Nov  6 06:35:29 UTC 2025
Daily activity on Fri Nov  7 06:35:09 UTC 2025
Daily activity on Sat Nov  8 06:31:10 UTC 2025
Daily activity on Sun Nov  9 06:31:34 UTC 2025
Daily activity on Mon Nov 10 06:36:52 UTC 2025
Daily activity on Tue Nov 11 06:35:47 UTC 2025
Daily activity on Wed Nov 12 06:35:36 UTC 2025
Daily activity on Thu Nov 13 06:35:39 UTC 2025
Daily activity on Fri Nov 14 06:35:29 UTC 2025
Daily activity on Sat Nov 15 06:32:10 UTC 2025
Daily activity on Sun Nov 16 06:33:09 UTC 2025
Daily activity on Mon Nov 17 06:36:10 UTC 2025
Daily activity on Tue Nov 18 06:34:48 UTC 2025
Daily activity on Wed Nov 19 06:35:00 UTC 2025
Daily activity on Thu Nov 20 06:34:43 UTC 2025
Daily activity on Fri Nov 21 06:36:09 UTC 2025
Daily activity on Sat Nov 22 06:31:53 UTC 2025
Daily activity on Sun Nov 23 06:33:22 UTC 2025
Daily activity on Mon Nov 24 06:36:26 UTC 2025
Daily activity on Tue Nov 25 06:36:49 UTC 2025
Daily activity on Wed Nov 26 06:36:39 UTC 2025
Daily activity on Thu Nov 27 06:36:52 UTC 2025
Daily activity on Fri Nov 28 06:36:45 UTC 2025
Daily activity on Sat Nov 29 06:33:54 UTC 2025
Daily activity on Sun Nov 30 06:35:00 UTC 2025
Daily activity on Mon Dec  1 06:39:04 UTC 2025
Daily activity on Tue Dec  2 06:37:50 UTC 2025
Daily activity on Wed Dec  3 06:37:22 UTC 2025
Daily activity on Thu Dec  4 06:37:15 UTC 2025
Daily activity on Fri Dec  5 06:37:18 UTC 2025
Daily activity on Sat Dec  6 06:33:36 UTC 2025
Daily activity on Sun Dec  7 06:33:20 UTC 2025
Daily activity on Mon Dec  8 06:40:19 UTC 2025
Daily activity on Tue Dec  9 06:38:21 UTC 2025
Daily activity on Wed Dec 10 06:38:40 UTC 2025
Daily activity on Thu Dec 11 06:39:20 UTC 2025
Daily activity on Fri Dec 12 06:38:57 UTC 2025
Daily activity on Sat Dec 13 06:35:06 UTC 2025
Daily activity on Sun Dec 14 06:35:21 UTC 2025
Daily activity on Mon Dec 15 06:40:53 UTC 2025
Daily activity on Tue Dec 16 06:39:35 UTC 2025
Daily activity on Wed Dec 17 06:38:53 UTC 2025
Daily activity on Thu Dec 18 06:38:35 UTC 2025
Daily activity on Fri Dec 19 06:37:25 UTC 2025
Daily activity on Sat Dec 20 06:35:45 UTC 2025
Daily activity on Sun Dec 21 06:35:55 UTC 2025
Daily activity on Mon Dec 22 06:40:30 UTC 2025
Daily activity on Tue Dec 23 06:39:43 UTC 2025
Daily activity on Wed Dec 24 06:39:30 UTC 2025
Daily activity on Thu Dec 25 06:38:49 UTC 2025
Daily activity on Fri Dec 26 06:38:12 UTC 2025
Daily activity on Sat Dec 27 06:36:47 UTC 2025
Daily activity on Sun Dec 28 06:36:49 UTC 2025
Daily activity on Mon Dec 29 06:41:11 UTC 2025
Daily activity on Tue Dec 30 06:38:40 UTC 2025
Daily activity on Wed Dec 31 06:38:55 UTC 2025
Daily activity on Thu Jan  1 06:39:40 UTC 2026
Daily activity on Fri Jan  2 06:39:20 UTC 2026
Daily activity on Sat Jan  3 06:36:50 UTC 2026
Daily activity on Sun Jan  4 06:37:32 UTC 2026
Daily activity on Mon Jan  5 06:45:13 UTC 2026
Daily activity on Tue Jan  6 06:40:19 UTC 2026
Daily activity on Wed Jan  7 06:39:53 UTC 2026
Daily activity on Thu Jan  8 06:40:15 UTC 2026
Daily activity on Fri Jan  9 06:40:07 UTC 2026
Daily activity on Sat Jan 10 06:36:00 UTC 2026
Daily activity on Sun Jan 11 06:37:45 UTC 2026
Daily activity on Mon Jan 12 06:42:40 UTC 2026
Daily activity on Tue Jan 13 06:40:29 UTC 2026
Daily activity on Wed Jan 14 06:40:15 UTC 2026
Daily activity on Thu Jan 15 06:39:50 UTC 2026
Daily activity on Fri Jan 16 06:40:21 UTC 2026
Daily activity on Sat Jan 17 06:36:23 UTC 2026
Daily activity on Sun Jan 18 06:36:55 UTC 2026
Daily activity on Mon Jan 19 06:45:23 UTC 2026
Daily activity on Tue Jan 20 06:42:27 UTC 2026
Daily activity on Wed Jan 21 06:42:40 UTC 2026
Daily activity on Thu Jan 22 06:40:56 UTC 2026
Daily activity on Fri Jan 23 06:40:43 UTC 2026
Daily activity on Sat Jan 24 06:37:22 UTC 2026
Daily activity on Sun Jan 25 06:38:11 UTC 2026
Daily activity on Mon Jan 26 06:43:58 UTC 2026
Daily activity on Tue Jan 27 06:41:48 UTC 2026
Daily activity on Wed Jan 28 06:42:14 UTC 2026
Daily activity on Thu Jan 29 06:54:47 UTC 2026
Daily activity on Fri Jan 30 06:56:42 UTC 2026
Daily activity on Sat Jan 31 06:46:56 UTC 2026
Daily activity on Sun Feb  1 06:55:38 UTC 2026
Daily activity on Mon Feb  2 07:07:18 UTC 2026
Daily activity on Tue Feb  3 06:58:10 UTC 2026
Daily activity on Wed Feb  4 06:58:47 UTC 2026
Daily activity on Thu Feb  5 07:04:29 UTC 2026
Daily activity on Fri Feb  6 07:00:34 UTC 2026
Daily activity on Sat Feb  7 06:49:56 UTC 2026
Daily activity on Sun Feb  8 06:56:27 UTC 2026
Daily activity on Mon Feb  9 07:11:06 UTC 2026
Daily activity on Tue Feb 10 07:11:09 UTC 2026
Daily activity on Wed Feb 11 07:07:04 UTC 2026
Daily activity on Thu Feb 12 07:06:38 UTC 2026
Daily activity on Fri Feb 13 07:04:10 UTC 2026
Daily activity on Sat Feb 14 06:52:35 UTC 2026
Daily activity on Sun Feb 15 06:56:34 UTC 2026
Daily activity on Mon Feb 16 07:09:45 UTC 2026
Daily activity on Tue Feb 17 07:04:26 UTC 2026
Daily activity on Wed Feb 18 07:06:36 UTC 2026
Daily activity on Thu Feb 19 07:05:59 UTC 2026
Daily activity on Fri Feb 20 07:02:23 UTC 2026
Daily activity on Sat Feb 21 06:49:53 UTC 2026
Daily activity on Sun Feb 22 06:54:52 UTC 2026
Daily activity on Mon Feb 23 07:10:50 UTC 2026
Daily activity on Tue Feb 24 07:05:35 UTC 2026
Daily activity on Wed Feb 25 07:07:26 UTC 2026
Daily activity on Thu Feb 26 07:05:41 UTC 2026
Daily activity on Fri Feb 27 07:00:33 UTC 2026
Daily activity on Sat Feb 28 06:45:13 UTC 2026
Daily activity on Sun Mar  1 06:53:22 UTC 2026
Daily activity on Mon Mar  2 07:04:18 UTC 2026
Daily activity on Tue Mar  3 06:58:37 UTC 2026
Daily activity on Wed Mar  4 06:55:10 UTC 2026
Daily activity on Thu Mar  5 06:58:37 UTC 2026
Daily activity on Fri Mar  6 06:57:03 UTC 2026
Daily activity on Sat Mar  7 06:49:16 UTC 2026
Daily activity on Sun Mar  8 06:50:49 UTC 2026
Daily activity on Mon Mar  9 07:07:48 UTC 2026
Daily activity on Tue Mar 10 06:57:08 UTC 2026
Daily activity on Wed Mar 11 07:00:09 UTC 2026
Daily activity on Thu Mar 12 07:01:59 UTC 2026
Daily activity on Fri Mar 13 07:00:36 UTC 2026
Daily activity on Sat Mar 14 06:54:45 UTC 2026
Daily activity on Sun Mar 15 07:04:15 UTC 2026
Daily activity on Mon Mar 16 07:24:27 UTC 2026
Daily activity on Tue Mar 17 07:10:57 UTC 2026
Daily activity on Wed Mar 18 07:06:41 UTC 2026
Daily activity on Thu Mar 19 07:03:21 UTC 2026
Daily activity on Fri Mar 20 07:01:55 UTC 2026
Daily activity on Sat Mar 21 06:51:55 UTC 2026
Daily activity on Sun Mar 22 06:57:21 UTC 2026
Daily activity on Mon Mar 23 07:17:19 UTC 2026
Daily activity on Tue Mar 24 07:10:10 UTC 2026
Daily activity on Wed Mar 25 07:08:11 UTC 2026
Daily activity on Thu Mar 26 07:15:39 UTC 2026
Daily activity on Fri Mar 27 07:14:51 UTC 2026
Daily activity on Sat Mar 28 07:03:46 UTC 2026
Daily activity on Sun Mar 29 07:10:29 UTC 2026
Daily activity on Mon Mar 30 07:49:17 UTC 2026
Daily activity on Tue Mar 31 07:22:30 UTC 2026
Daily activity on Wed Apr  1 07:40:52 UTC 2026
Daily activity on Thu Apr  2 07:19:27 UTC 2026
Daily activity on Fri Apr  3 07:15:45 UTC 2026
Daily activity on Sat Apr  4 07:06:42 UTC 2026
Daily activity on Sun Apr  5 07:13:06 UTC 2026
Daily activity on Mon Apr  6 07:50:47 UTC 2026
Daily activity on Tue Apr  7 07:24:27 UTC 2026
Daily activity on Wed Apr  8 07:41:12 UTC 2026
Daily activity on Thu Apr  9 07:43:41 UTC 2026
Daily activity on Fri Apr 10 07:48:22 UTC 2026
Daily activity on Sat Apr 11 07:05:50 UTC 2026
Daily activity on Sun Apr 12 07:21:20 UTC 2026
Daily activity on Mon Apr 13 08:10:46 UTC 2026
Daily activity on Tue Apr 14 07:54:09 UTC 2026
Daily activity on Wed Apr 15 07:54:43 UTC 2026
Daily activity on Thu Apr 16 07:54:42 UTC 2026
Daily activity on Fri Apr 17 07:55:30 UTC 2026
Daily activity on Sat Apr 18 07:14:49 UTC 2026
Daily activity on Sun Apr 19 07:25:22 UTC 2026
Daily activity on Mon Apr 20 08:16:16 UTC 2026
Daily activity on Tue Apr 21 07:59:58 UTC 2026
Daily activity on Wed Apr 22 07:56:15 UTC 2026
Daily activity on Thu Apr 23 08:02:11 UTC 2026
Daily activity on Fri Apr 24 08:10:47 UTC 2026
Daily activity on Sat Apr 25 07:24:22 UTC 2026
Daily activity on Sun Apr 26 07:45:27 UTC 2026
Daily activity on Mon Apr 27 08:32:29 UTC 2026
Daily activity on Tue Apr 28 08:30:36 UTC 2026
Daily activity on Wed Apr 29 08:24:27 UTC 2026
Daily activity on Thu Apr 30 08:27:20 UTC 2026
Daily activity on Fri May  1 08:18:30 UTC 2026
Daily activity on Sat May  2 07:49:58 UTC 2026
Daily activity on Sun May  3 08:05:29 UTC 2026
Daily activity on Mon May  4 08:34:49 UTC 2026
Daily activity on Tue May  5 08:17:06 UTC 2026
Daily activity on Thu May  7 08:39:47 UTC 2026
Daily activity on Fri May  8 07:46:58 UTC 2026
Daily activity on Sat May  9 08:01:17 UTC 2026
Daily activity on Sun May 10 08:11:50 UTC 2026
Daily activity on Mon May 11 09:48:39 UTC 2026
Daily activity on Tue May 12 08:45:47 UTC 2026
Daily activity on Wed May 13 08:49:09 UTC 2026
Daily activity on Thu May 14 08:42:34 UTC 2026
Daily activity on Fri May 15 08:53:26 UTC 2026
Daily activity on Sat May 16 08:08:55 UTC 2026
Daily activity on Sun May 17 08:25:26 UTC 2026
Daily activity on Mon May 18 10:12:28 UTC 2026
Daily activity on Tue May 19 09:53:46 UTC 2026
Daily activity on Wed May 20 09:40:38 UTC 2026
Daily activity on Thu May 21 09:50:02 UTC 2026
Daily activity on Fri May 22 09:34:56 UTC 2026
Daily activity on Sat May 23 08:24:16 UTC 2026
Daily activity on Sun May 24 08:34:05 UTC 2026
Daily activity on Mon May 25 10:17:10 UTC 2026
Daily activity on Tue May 26 10:02:55 UTC 2026
Daily activity on Wed May 27 10:00:48 UTC 2026
Daily activity on Thu May 28 10:10:34 UTC 2026
Daily activity on Fri May 29 10:00:24 UTC 2026
Daily activity on Sat May 30 08:32:05 UTC 2026
Daily activity on Sun May 31 08:51:18 UTC 2026
Daily activity on Mon Jun  1 11:42:52 UTC 2026
Daily activity on Tue Jun  2 10:43:08 UTC 2026
Daily activity on Wed Jun  3 11:07:21 UTC 2026
Daily activity on Thu Jun  4 10:01:16 UTC 2026
Daily activity on Fri Jun  5 09:59:02 UTC 2026
Daily activity on Sat Jun  6 08:38:23 UTC 2026
Daily activity on Sun Jun  7 09:20:34 UTC 2026
Daily activity on Mon Jun  8 11:04:17 UTC 2026
Daily activity on Tue Jun  9 09:52:29 UTC 2026
Daily activity on Wed Jun 10 10:09:27 UTC 2026
